<?xml version="1.0" encoding="UTF-8"?>
<robot generator="Robot 7.3.2 (Python 3.12.7 on win32)" generated="2025-11-25T16:31:38.999537" rpa="false" schemaversion="5">
<suite id="s1" name="Demo Login Data Driven Flow With Keyword" source="D:\________Z____________Desktop_now\we_love_bug\_learn\E2E-Test\UI\vercel\demo_login_data_driven_flow_with_keyword.robot">
<test id="s1-t1" name="ล็อกอินเข้าสู่ระบบสำเร็จ" line="21">
<kw name="Login Steps" owner="keywords">
<kw name="เข้าหน้าเว็บไซต์(Vercle)" owner="keywords">
<kw name="Open Browser" owner="SeleniumLibrary">
<msg time="2025-11-25T16:31:39.359747" level="INFO">Opening browser 'chrome' to base url 'https://demo-login-workshop.vercel.app/'.</msg>
<arg>url=${URL}</arg>
<arg>browser=${BROWSER}</arg>
<doc>Opens a new browser instance to the optional ``url``.</doc>
<status status="PASS" start="2025-11-25T16:31:39.359747" elapsed="2.675966"/>
</kw>
<kw name="Title Should Be" owner="SeleniumLibrary">
<msg time="2025-11-25T16:31:42.045714" level="INFO">Page title is 'Login Page'.</msg>
<arg>title=Login Page</arg>
<doc>Verifies that the current page title equals ``title``.</doc>
<status status="PASS" start="2025-11-25T16:31:42.035713" elapsed="0.010001"/>
</kw>
<status status="PASS" start="2025-11-25T16:31:39.358752" elapsed="2.686962"/>
</kw>
<kw name="กรอกข้อมูลล็อกอิน" owner="keywords">
<kw name="Input Text" owner="SeleniumLibrary">
<msg time="2025-11-25T16:31:42.047715" level="INFO">Typing text 'demo' into text field 'id=username_field'.</msg>
<arg>id=username_field</arg>
<arg>text=${username}</arg>
<arg>clear=True</arg>
<doc>Types the given ``text`` into the text field identified by ``locator``.</doc>
<status status="PASS" start="2025-11-25T16:31:42.046712" elapsed="0.093611"/>
</kw>
<kw name="Input Text" owner="SeleniumLibrary">
<msg time="2025-11-25T16:31:42.141323" level="INFO">Typing text 'mode' into text field 'id=password_field'.</msg>
<arg>id=password_field</arg>
<arg>text=${password}</arg>
<arg>clear=True</arg>
<doc>Types the given ``text`` into the text field identified by ``locator``.</doc>
<status status="PASS" start="2025-11-25T16:31:42.141323" elapsed="0.068999"/>
</kw>
<kw name="Press Keys" owner="SeleniumLibrary">
<msg time="2025-11-25T16:31:42.211324" level="INFO">Sending key(s) ('RETURN',) to id=login_button element.</msg>
<msg time="2025-11-25T16:31:42.621616" level="INFO">Pressing special key RETURN to element.</msg>
<msg time="2025-11-25T16:31:42.621616" level="INFO">Releasing special key RETURN.</msg>
<arg>id=login_button</arg>
<arg>RETURN</arg>
<doc>Simulates the user pressing key(s) to an element or on the active browser.</doc>
<status status="PASS" start="2025-11-25T16:31:42.211324" elapsed="0.418291"/>
</kw>
<arg>${username}</arg>
<arg>${password}</arg>
<status status="PASS" start="2025-11-25T16:31:42.046712" elapsed="0.582903"/>
</kw>
<kw name="ตรวจสอบผลลัพธ์การล็อกอิน" owner="keywords">
<kw name="Element Should Contain" owner="SeleniumLibrary">
<msg time="2025-11-25T16:31:42.659614" level="INFO">Element 'id=container' contains text 'Login succeeded'.</msg>
<arg>id=container</arg>
<arg>expected=${expected}</arg>
<doc>Verifies that element ``locator`` contains text ``expected``.</doc>
<status status="PASS" start="2025-11-25T16:31:42.630613" elapsed="0.029001"/>
</kw>
<arg>${expected}</arg>
<status status="PASS" start="2025-11-25T16:31:42.630613" elapsed="0.029001"/>
</kw>
<arg>demo</arg>
<arg>mode</arg>
<arg>Login succeeded</arg>
<status status="PASS" start="2025-11-25T16:31:39.357747" elapsed="3.301867"/>
</kw>
<status status="PASS" start="2025-11-25T16:31:39.356748" elapsed="3.303866"/>
</test>
<test id="s1-t2" name="ล็อกอินเข้าสู่ระบบไม่สำเร็จกรณีกรอก Username ผิด" line="24">
<kw name="Login Steps" owner="keywords">
<kw name="เข้าหน้าเว็บไซต์(Vercle)" owner="keywords">
<kw name="Open Browser" owner="SeleniumLibrary">
<msg time="2025-11-25T16:31:42.663614" level="INFO">Opening browser 'chrome' to base url 'https://demo-login-workshop.vercel.app/'.</msg>
<arg>url=${URL}</arg>
<arg>browser=${BROWSER}</arg>
<doc>Opens a new browser instance to the optional ``url``.</doc>
<status status="PASS" start="2025-11-25T16:31:42.663614" elapsed="1.433024"/>
</kw>
<kw name="Title Should Be" owner="SeleniumLibrary">
<msg time="2025-11-25T16:31:44.106637" level="INFO">Page title is 'Login Page'.</msg>
<arg>title=Login Page</arg>
<doc>Verifies that the current page title equals ``title``.</doc>
<status status="PASS" start="2025-11-25T16:31:44.097643" elapsed="0.008994"/>
</kw>
<status status="PASS" start="2025-11-25T16:31:42.662615" elapsed="1.444022"/>
</kw>
<kw name="กรอกข้อมูลล็อกอิน" owner="keywords">
<kw name="Input Text" owner="SeleniumLibrary">
<msg time="2025-11-25T16:31:44.108635" level="INFO">Typing text 'wrong_user' into text field 'id=username_field'.</msg>
<arg>id=username_field</arg>
<arg>text=${username}</arg>
<arg>clear=True</arg>
<doc>Types the given ``text`` into the text field identified by ``locator``.</doc>
<status status="PASS" start="2025-11-25T16:31:44.107672" elapsed="0.158439"/>
</kw>
<kw name="Input Text" owner="SeleniumLibrary">
<msg time="2025-11-25T16:31:44.267110" level="INFO">Typing text 'mode' into text field 'id=password_field'.</msg>
<arg>id=password_field</arg>
<arg>text=${password}</arg>
<arg>clear=True</arg>
<doc>Types the given ``text`` into the text field identified by ``locator``.</doc>
<status status="PASS" start="2025-11-25T16:31:44.267110" elapsed="0.106517"/>
</kw>
<kw name="Press Keys" owner="SeleniumLibrary">
<msg time="2025-11-25T16:31:44.375628" level="INFO">Sending key(s) ('RETURN',) to id=login_button element.</msg>
<msg time="2025-11-25T16:31:44.821192" level="INFO">Pressing special key RETURN to element.</msg>
<msg time="2025-11-25T16:31:44.821192" level="INFO">Releasing special key RETURN.</msg>
<arg>id=login_button</arg>
<arg>RETURN</arg>
<doc>Simulates the user pressing key(s) to an element or on the active browser.</doc>
<status status="PASS" start="2025-11-25T16:31:44.374627" elapsed="0.452569"/>
</kw>
<arg>${username}</arg>
<arg>${password}</arg>
<status status="PASS" start="2025-11-25T16:31:44.107672" elapsed="0.720522"/>
</kw>
<kw name="ตรวจสอบผลลัพธ์การล็อกอิน" owner="keywords">
<kw name="Element Should Contain" owner="SeleniumLibrary">
<msg time="2025-11-25T16:31:44.852193" level="INFO">Element 'id=container' contains text 'Login failed'.</msg>
<arg>id=container</arg>
<arg>expected=${expected}</arg>
<doc>Verifies that element ``locator`` contains text ``expected``.</doc>
<status status="PASS" start="2025-11-25T16:31:44.829193" elapsed="0.023000"/>
</kw>
<arg>${expected}</arg>
<status status="PASS" start="2025-11-25T16:31:44.828194" elapsed="0.023999"/>
</kw>
<arg>wrong_user</arg>
<arg>mode</arg>
<arg>Login failed</arg>
<status status="PASS" start="2025-11-25T16:31:42.662615" elapsed="2.189578"/>
</kw>
<status status="PASS" start="2025-11-25T16:31:42.661616" elapsed="2.190577"/>
</test>
<test id="s1-t3" name="ล็อกอินเข้าสู่ระบบไม่สำเร็จกรณีกรอก Password ผิด" line="26">
<kw name="Login Steps" owner="keywords">
<kw name="เข้าหน้าเว็บไซต์(Vercle)" owner="keywords">
<kw name="Open Browser" owner="SeleniumLibrary">
<msg time="2025-11-25T16:31:44.856231" level="INFO">Opening browser 'chrome' to base url 'https://demo-login-workshop.vercel.app/'.</msg>
<arg>url=${URL}</arg>
<arg>browser=${BROWSER}</arg>
<doc>Opens a new browser instance to the optional ``url``.</doc>
<status status="PASS" start="2025-11-25T16:31:44.856231" elapsed="1.464371"/>
</kw>
<kw name="Title Should Be" owner="SeleniumLibrary">
<msg time="2025-11-25T16:31:46.330599" level="INFO">Page title is 'Login Page'.</msg>
<arg>title=Login Page</arg>
<doc>Verifies that the current page title equals ``title``.</doc>
<status status="PASS" start="2025-11-25T16:31:46.321602" elapsed="0.010031"/>
</kw>
<status status="PASS" start="2025-11-25T16:31:44.855229" elapsed="1.476404"/>
</kw>
<kw name="กรอกข้อมูลล็อกอิน" owner="keywords">
<kw name="Input Text" owner="SeleniumLibrary">
<msg time="2025-11-25T16:31:46.332599" level="INFO">Typing text 'demo' into text field 'id=username_field'.</msg>
<arg>id=username_field</arg>
<arg>text=${username}</arg>
<arg>clear=True</arg>
<doc>Types the given ``text`` into the text field identified by ``locator``.</doc>
<status status="PASS" start="2025-11-25T16:31:46.332599" elapsed="0.155000"/>
</kw>
<kw name="Input Text" owner="SeleniumLibrary">
<msg time="2025-11-25T16:31:46.488599" level="INFO">Typing text 'wrong_pass' into text field 'id=password_field'.</msg>
<arg>id=password_field</arg>
<arg>text=${password}</arg>
<arg>clear=True</arg>
<doc>Types the given ``text`` into the text field identified by ``locator``.</doc>
<status status="PASS" start="2025-11-25T16:31:46.487599" elapsed="0.121003"/>
</kw>
<kw name="Press Keys" owner="SeleniumLibrary">
<msg time="2025-11-25T16:31:46.610600" level="INFO">Sending key(s) ('RETURN',) to id=login_button element.</msg>
<msg time="2025-11-25T16:31:47.068089" level="INFO">Pressing special key RETURN to element.</msg>
<msg time="2025-11-25T16:31:47.068089" level="INFO">Releasing special key RETURN.</msg>
<arg>id=login_button</arg>
<arg>RETURN</arg>
<doc>Simulates the user pressing key(s) to an element or on the active browser.</doc>
<status status="PASS" start="2025-11-25T16:31:46.609602" elapsed="0.465487"/>
</kw>
<arg>${username}</arg>
<arg>${password}</arg>
<status status="PASS" start="2025-11-25T16:31:46.331633" elapsed="0.743456"/>
</kw>
<kw name="ตรวจสอบผลลัพธ์การล็อกอิน" owner="keywords">
<kw name="Element Should Contain" owner="SeleniumLibrary">
<msg time="2025-11-25T16:31:47.099114" level="INFO">Element 'id=container' contains text 'Login failed'.</msg>
<arg>id=container</arg>
<arg>expected=${expected}</arg>
<doc>Verifies that element ``locator`` contains text ``expected``.</doc>
<status status="PASS" start="2025-11-25T16:31:47.075089" elapsed="0.024025"/>
</kw>
<arg>${expected}</arg>
<status status="PASS" start="2025-11-25T16:31:47.075089" elapsed="0.024025"/>
</kw>
<arg>demo</arg>
<arg>wrong_pass</arg>
<arg>Login failed</arg>
<status status="PASS" start="2025-11-25T16:31:44.855229" elapsed="2.243885"/>
</kw>
<status status="PASS" start="2025-11-25T16:31:44.853193" elapsed="2.245921"/>
</test>
<test id="s1-t4" name="ล็อกอินเข้าสู่ระบบไม่สำเร็จกรณีกรอก Username และ Password ผิด" line="28">
<kw name="Login Steps" owner="keywords">
<kw name="เข้าหน้าเว็บไซต์(Vercle)" owner="keywords">
<kw name="Open Browser" owner="SeleniumLibrary">
<msg time="2025-11-25T16:31:47.103112" level="INFO">Opening browser 'chrome' to base url 'https://demo-login-workshop.vercel.app/'.</msg>
<arg>url=${URL}</arg>
<arg>browser=${BROWSER}</arg>
<doc>Opens a new browser instance to the optional ``url``.</doc>
<status status="PASS" start="2025-11-25T16:31:47.102116" elapsed="1.521021"/>
</kw>
<kw name="Title Should Be" owner="SeleniumLibrary">
<msg time="2025-11-25T16:31:48.644137" level="INFO">Page title is 'Login Page'.</msg>
<arg>title=Login Page</arg>
<doc>Verifies that the current page title equals ``title``.</doc>
<status status="PASS" start="2025-11-25T16:31:48.624137" elapsed="0.020000"/>
</kw>
<status status="PASS" start="2025-11-25T16:31:47.102116" elapsed="1.542021"/>
</kw>
<kw name="กรอกข้อมูลล็อกอิน" owner="keywords">
<kw name="Input Text" owner="SeleniumLibrary">
<msg time="2025-11-25T16:31:48.646137" level="INFO">Typing text 'wrong_user' into text field 'id=username_field'.</msg>
<arg>id=username_field</arg>
<arg>text=${username}</arg>
<arg>clear=True</arg>
<doc>Types the given ``text`` into the text field identified by ``locator``.</doc>
<status status="PASS" start="2025-11-25T16:31:48.646137" elapsed="0.196518"/>
</kw>
<kw name="Input Text" owner="SeleniumLibrary">
<msg time="2025-11-25T16:31:48.842655" level="INFO">Typing text 'wrong_pass' into text field 'id=password_field'.</msg>
<arg>id=password_field</arg>
<arg>text=${password}</arg>
<arg>clear=True</arg>
<doc>Types the given ``text`` into the text field identified by ``locator``.</doc>
<status status="PASS" start="2025-11-25T16:31:48.842655" elapsed="0.102998"/>
</kw>
<kw name="Press Keys" owner="SeleniumLibrary">
<msg time="2025-11-25T16:31:48.946653" level="INFO">Sending key(s) ('RETURN',) to id=login_button element.</msg>
<msg time="2025-11-25T16:31:49.443111" level="INFO">Pressing special key RETURN to element.</msg>
<msg time="2025-11-25T16:31:49.443111" level="INFO">Releasing special key RETURN.</msg>
<arg>id=login_button</arg>
<arg>RETURN</arg>
<doc>Simulates the user pressing key(s) to an element or on the active browser.</doc>
<status status="PASS" start="2025-11-25T16:31:48.946653" elapsed="0.505459"/>
</kw>
<arg>${username}</arg>
<arg>${password}</arg>
<status status="PASS" start="2025-11-25T16:31:48.645137" elapsed="0.806975"/>
</kw>
<kw name="ตรวจสอบผลลัพธ์การล็อกอิน" owner="keywords">
<kw name="Element Should Contain" owner="SeleniumLibrary">
<msg time="2025-11-25T16:31:49.476109" level="INFO">Element 'id=container' contains text 'Login failed'.</msg>
<arg>id=container</arg>
<arg>expected=${expected}</arg>
<doc>Verifies that element ``locator`` contains text ``expected``.</doc>
<status status="PASS" start="2025-11-25T16:31:49.453137" elapsed="0.022972"/>
</kw>
<arg>${expected}</arg>
<status status="PASS" start="2025-11-25T16:31:49.452112" elapsed="0.025022"/>
</kw>
<arg>wrong_user</arg>
<arg>wrong_pass</arg>
<arg>Login failed</arg>
<status status="PASS" start="2025-11-25T16:31:47.102116" elapsed="2.375018"/>
</kw>
<status status="PASS" start="2025-11-25T16:31:47.100088" elapsed="2.377046"/>
</test>
<test id="s1-t5" name="ล็อกอินเข้าสู่ระบบไม่สำเร็จกรณีไม่กรอก Username แต่กรอก Password" line="30">
<kw name="Login Steps" owner="keywords">
<kw name="เข้าหน้าเว็บไซต์(Vercle)" owner="keywords">
<kw name="Open Browser" owner="SeleniumLibrary">
<msg time="2025-11-25T16:31:49.480145" level="INFO">Opening browser 'chrome' to base url 'https://demo-login-workshop.vercel.app/'.</msg>
<arg>url=${URL}</arg>
<arg>browser=${BROWSER}</arg>
<doc>Opens a new browser instance to the optional ``url``.</doc>
<status status="PASS" start="2025-11-25T16:31:49.480145" elapsed="1.551994"/>
</kw>
<kw name="Title Should Be" owner="SeleniumLibrary">
<msg time="2025-11-25T16:31:51.039140" level="INFO">Page title is 'Login Page'.</msg>
<arg>title=Login Page</arg>
<doc>Verifies that the current page title equals ``title``.</doc>
<status status="PASS" start="2025-11-25T16:31:51.032139" elapsed="0.008002"/>
</kw>
<status status="PASS" start="2025-11-25T16:31:49.480145" elapsed="1.559996"/>
</kw>
<kw name="กรอกข้อมูลล็อกอิน" owner="keywords">
<kw name="Input Text" owner="SeleniumLibrary">
<msg time="2025-11-25T16:31:51.041139" level="INFO">Typing text '' into text field 'id=username_field'.</msg>
<arg>id=username_field</arg>
<arg>text=${username}</arg>
<arg>clear=True</arg>
<doc>Types the given ``text`` into the text field identified by ``locator``.</doc>
<status status="PASS" start="2025-11-25T16:31:51.041139" elapsed="0.148001"/>
</kw>
<kw name="Input Text" owner="SeleniumLibrary">
<msg time="2025-11-25T16:31:51.190138" level="INFO">Typing text 'mode' into text field 'id=password_field'.</msg>
<arg>id=password_field</arg>
<arg>text=${password}</arg>
<arg>clear=True</arg>
<doc>Types the given ``text`` into the text field identified by ``locator``.</doc>
<status status="PASS" start="2025-11-25T16:31:51.190138" elapsed="0.077001"/>
</kw>
<kw name="Press Keys" owner="SeleniumLibrary">
<msg time="2025-11-25T16:31:51.268140" level="INFO">Sending key(s) ('RETURN',) to id=login_button element.</msg>
<msg time="2025-11-25T16:31:51.801222" level="INFO">Pressing special key RETURN to element.</msg>
<msg time="2025-11-25T16:31:51.801222" level="INFO">Releasing special key RETURN.</msg>
<arg>id=login_button</arg>
<arg>RETURN</arg>
<doc>Simulates the user pressing key(s) to an element or on the active browser.</doc>
<status status="PASS" start="2025-11-25T16:31:51.268140" elapsed="0.538080"/>
</kw>
<arg>${username}</arg>
<arg>${password}</arg>
<status status="PASS" start="2025-11-25T16:31:51.040141" elapsed="0.767080"/>
</kw>
<kw name="ตรวจสอบผลลัพธ์การล็อกอิน" owner="keywords">
<kw name="Element Should Contain" owner="SeleniumLibrary">
<msg time="2025-11-25T16:31:51.830230" level="INFO">Element 'id=container' contains text 'Login failed'.</msg>
<arg>id=container</arg>
<arg>expected=${expected}</arg>
<doc>Verifies that element ``locator`` contains text ``expected``.</doc>
<status status="PASS" start="2025-11-25T16:31:51.807221" elapsed="0.023009"/>
</kw>
<arg>${expected}</arg>
<status status="PASS" start="2025-11-25T16:31:51.807221" elapsed="0.023009"/>
</kw>
<arg>${EMPTY}</arg>
<arg>mode</arg>
<arg>Login failed</arg>
<status status="PASS" start="2025-11-25T16:31:49.479109" elapsed="2.351121"/>
</kw>
<status status="PASS" start="2025-11-25T16:31:49.478111" elapsed="2.353109"/>
</test>
<test id="s1-t6" name="ล็อกอินเข้าสู่ระบบไม่สำเร็จกรณีกรอก Username ถูก แต่ไม่กรอก Password" line="33">
<kw name="Login Steps" owner="keywords">
<kw name="เข้าหน้าเว็บไซต์(Vercle)" owner="keywords">
<kw name="Open Browser" owner="SeleniumLibrary">
<msg time="2025-11-25T16:31:51.835224" level="INFO">Opening browser 'chrome' to base url 'https://demo-login-workshop.vercel.app/'.</msg>
<arg>url=${URL}</arg>
<arg>browser=${BROWSER}</arg>
<doc>Opens a new browser instance to the optional ``url``.</doc>
<status status="PASS" start="2025-11-25T16:31:51.835224" elapsed="1.475117"/>
</kw>
<kw name="Title Should Be" owner="SeleniumLibrary">
<msg time="2025-11-25T16:31:53.317344" level="INFO">Page title is 'Login Page'.</msg>
<arg>title=Login Page</arg>
<doc>Verifies that the current page title equals ``title``.</doc>
<status status="PASS" start="2025-11-25T16:31:53.311550" elapsed="0.005794"/>
</kw>
<status status="PASS" start="2025-11-25T16:31:51.835224" elapsed="1.482120"/>
</kw>
<kw name="กรอกข้อมูลล็อกอิน" owner="keywords">
<kw name="Input Text" owner="SeleniumLibrary">
<msg time="2025-11-25T16:31:53.318357" level="INFO">Typing text 'demo' into text field 'id=username_field'.</msg>
<arg>id=username_field</arg>
<arg>text=${username}</arg>
<arg>clear=True</arg>
<doc>Types the given ``text`` into the text field identified by ``locator``.</doc>
<status status="PASS" start="2025-11-25T16:31:53.318357" elapsed="0.145986"/>
</kw>
<kw name="Input Text" owner="SeleniumLibrary">
<msg time="2025-11-25T16:31:53.466346" level="INFO">Typing text '' into text field 'id=password_field'.</msg>
<arg>id=password_field</arg>
<arg>text=${password}</arg>
<arg>clear=True</arg>
<doc>Types the given ``text`` into the text field identified by ``locator``.</doc>
<status status="PASS" start="2025-11-25T16:31:53.465344" elapsed="0.120000"/>
</kw>
<kw name="Press Keys" owner="SeleniumLibrary">
<msg time="2025-11-25T16:31:53.586346" level="INFO">Sending key(s) ('RETURN',) to id=login_button element.</msg>
<msg time="2025-11-25T16:31:54.127994" level="INFO">Pressing special key RETURN to element.</msg>
<msg time="2025-11-25T16:31:54.127994" level="INFO">Releasing special key RETURN.</msg>
<arg>id=login_button</arg>
<arg>RETURN</arg>
<doc>Simulates the user pressing key(s) to an element or on the active browser.</doc>
<status status="PASS" start="2025-11-25T16:31:53.586346" elapsed="0.549100"/>
</kw>
<arg>${username}</arg>
<arg>${password}</arg>
<status status="PASS" start="2025-11-25T16:31:53.318357" elapsed="0.817089"/>
</kw>
<kw name="ตรวจสอบผลลัพธ์การล็อกอิน" owner="keywords">
<kw name="Element Should Contain" owner="SeleniumLibrary">
<msg time="2025-11-25T16:31:54.162522" level="INFO">Element 'id=container' contains text 'Login failed'.</msg>
<arg>id=container</arg>
<arg>expected=${expected}</arg>
<doc>Verifies that element ``locator`` contains text ``expected``.</doc>
<status status="PASS" start="2025-11-25T16:31:54.136457" elapsed="0.026065"/>
</kw>
<arg>${expected}</arg>
<status status="PASS" start="2025-11-25T16:31:54.135446" elapsed="0.027076"/>
</kw>
<arg>demo</arg>
<arg>${EMPTY}</arg>
<arg>Login failed</arg>
<status status="PASS" start="2025-11-25T16:31:51.834222" elapsed="2.328300"/>
</kw>
<status status="PASS" start="2025-11-25T16:31:51.831220" elapsed="2.332302"/>
</test>
<test id="s1-t7" name="ล็อกอินเข้าสู่ระบบไม่สำเร็จกรณีไม่กรอกทั้ง Username และ Password" line="35">
<kw name="Login Steps" owner="keywords">
<kw name="เข้าหน้าเว็บไซต์(Vercle)" owner="keywords">
<kw name="Open Browser" owner="SeleniumLibrary">
<msg time="2025-11-25T16:31:54.167520" level="INFO">Opening browser 'chrome' to base url 'https://demo-login-workshop.vercel.app/'.</msg>
<arg>url=${URL}</arg>
<arg>browser=${BROWSER}</arg>
<doc>Opens a new browser instance to the optional ``url``.</doc>
<status status="PASS" start="2025-11-25T16:31:54.166555" elapsed="1.674345"/>
</kw>
<kw name="Title Should Be" owner="SeleniumLibrary">
<msg time="2025-11-25T16:31:55.849900" level="INFO">Page title is 'Login Page'.</msg>
<arg>title=Login Page</arg>
<doc>Verifies that the current page title equals ``title``.</doc>
<status status="PASS" start="2025-11-25T16:31:55.841900" elapsed="0.008000"/>
</kw>
<status status="PASS" start="2025-11-25T16:31:54.166555" elapsed="1.684346"/>
</kw>
<kw name="กรอกข้อมูลล็อกอิน" owner="keywords">
<kw name="Input Text" owner="SeleniumLibrary">
<msg time="2025-11-25T16:31:55.851900" level="INFO">Typing text '' into text field 'id=username_field'.</msg>
<arg>id=username_field</arg>
<arg>text=${username}</arg>
<arg>clear=True</arg>
<doc>Types the given ``text`` into the text field identified by ``locator``.</doc>
<status status="PASS" start="2025-11-25T16:31:55.851900" elapsed="0.133998"/>
</kw>
<kw name="Input Text" owner="SeleniumLibrary">
<msg time="2025-11-25T16:31:55.986899" level="INFO">Typing text '' into text field 'id=password_field'.</msg>
<arg>id=password_field</arg>
<arg>text=${password}</arg>
<arg>clear=True</arg>
<doc>Types the given ``text`` into the text field identified by ``locator``.</doc>
<status status="PASS" start="2025-11-25T16:31:55.986899" elapsed="0.080998"/>
</kw>
<kw name="Press Keys" owner="SeleniumLibrary">
<msg time="2025-11-25T16:31:56.068899" level="INFO">Sending key(s) ('RETURN',) to id=login_button element.</msg>
<msg time="2025-11-25T16:31:57.142236" level="INFO">Pressing special key RETURN to element.</msg>
<msg time="2025-11-25T16:31:57.142236" level="INFO">Releasing special key RETURN.</msg>
<arg>id=login_button</arg>
<arg>RETURN</arg>
<doc>Simulates the user pressing key(s) to an element or on the active browser.</doc>
<status status="PASS" start="2025-11-25T16:31:56.068899" elapsed="1.081334"/>
</kw>
<arg>${username}</arg>
<arg>${password}</arg>
<status status="PASS" start="2025-11-25T16:31:55.850901" elapsed="1.299332"/>
</kw>
<kw name="ตรวจสอบผลลัพธ์การล็อกอิน" owner="keywords">
<kw name="Element Should Contain" owner="SeleniumLibrary">
<msg time="2025-11-25T16:31:57.181235" level="INFO">Element 'id=container' contains text 'Login failed'.</msg>
<arg>id=container</arg>
<arg>expected=${expected}</arg>
<doc>Verifies that element ``locator`` contains text ``expected``.</doc>
<status status="PASS" start="2025-11-25T16:31:57.151239" elapsed="0.030995"/>
</kw>
<arg>${expected}</arg>
<status status="PASS" start="2025-11-25T16:31:57.151239" elapsed="0.030995"/>
</kw>
<arg>${EMPTY}</arg>
<arg>${EMPTY}</arg>
<arg>Login failed</arg>
<status status="PASS" start="2025-11-25T16:31:54.165554" elapsed="3.016680"/>
</kw>
<status status="PASS" start="2025-11-25T16:31:54.164523" elapsed="3.017711"/>
</test>
<status status="PASS" start="2025-11-25T16:31:39.001527" elapsed="18.181706"/>
</suite>
<statistics>
<total>
<stat pass="7" fail="0" skip="0">All Tests</stat>
</total>
<tag>
</tag>
<suite>
<stat name="Demo Login Data Driven Flow With Keyword" id="s1" pass="7" fail="0" skip="0">Demo Login Data Driven Flow With Keyword</stat>
</suite>
</statistics>
<errors>
</errors>
</robot>
